<?xml version="1.0" encoding="UTF-8"?>
<!-- Generated by org.testng.reporters.JUnitReportReporter -->
<testsuite hostname="sysadmin-H81M-S" failures="0" tests="1" name="com.ihubdirect.viewdetails_addtocart" time="0.001" errors="0" timestamp="2020-01-20T12:18:41 IST" skipped="0">
  <testcase classname="com.ihubdirect.viewdetails_addtocart" name="f" time="0.001"/>
</testsuite> <!-- com.ihubdirect.viewdetails_addtocart -->
