<?xml version="1.0" encoding="UTF-8"?>
<!-- Generated by org.testng.reporters.JUnitReportReporter -->
<testsuite hostname="sysadmin-H81M-S" failures="0" tests="1" name="com.ihubmeaven.pageObjects.Tc_02_Mobilenum" time="20.128" errors="0" timestamp="2020-01-20T11:17:00 IST" skipped="0">
  <testcase classname="com.ihubmeaven.pageObjects.Tc_02_Mobilenum" name="mobilenum" time="20.128"/>
</testsuite> <!-- com.ihubmeaven.pageObjects.Tc_02_Mobilenum -->
