<?xml version="1.0" encoding="UTF-8"?>
<!-- Generated by org.testng.reporters.JUnitReportReporter -->
<testsuite hostname="sysadmin-H81M-S" failures="0" tests="1" name="com.ihubdirect.helpcenter" time="16.886" errors="0" timestamp="2020-01-20T12:18:41 IST" skipped="0">
  <testcase classname="com.ihubdirect.helpcenter" name="f" time="16.886"/>
</testsuite> <!-- com.ihubdirect.helpcenter -->
