<?xml version="1.0" encoding="UTF-8"?>
<!-- Generated by org.testng.reporters.JUnitReportReporter -->
<testsuite hostname="sysadmin-H81M-S" failures="0" tests="1" name="com.ihubdirect.location_change" time="22.547" errors="0" timestamp="2020-01-23T15:08:14 IST" skipped="0">
  <testcase classname="com.ihubdirect.location_change" name="f" time="22.547"/>
</testsuite> <!-- com.ihubdirect.location_change -->
