<?xml version="1.0" encoding="UTF-8"?>
<!-- Generated by org.testng.reporters.JUnitReportReporter -->
<testsuite hostname="sysadmin-H81M-S" failures="0" tests="1" name="com.ihubmeaven.pageObjects.NewTest" time="0.019" errors="0" timestamp="2020-02-04T16:18:38 IST" skipped="0">
  <testcase classname="com.ihubmeaven.pageObjects.NewTest" name="f" time="0.019"/>
</testsuite> <!-- com.ihubmeaven.pageObjects.NewTest -->
