<?xml version="1.0" encoding="UTF-8"?>
<!-- Generated by org.testng.reporters.JUnitReportReporter -->
<testsuite hostname="sysadmin-H81M-S" failures="0" tests="1" name="com.ihubdirect.change_password" time="30.371" errors="0" timestamp="2020-02-05T14:49:53 IST" skipped="0">
  <testcase classname="com.ihubdirect.change_password" name="tc_1" time="30.371"/>
</testsuite> <!-- com.ihubdirect.change_password -->
