<?xml version="1.0" encoding="UTF-8"?>
<!-- Generated by org.testng.reporters.JUnitReportReporter -->
<testsuite hostname="sysadmin-H81M-S" failures="0" tests="1" name="com.ihubmeaven.pageObjects.dataprovider" time="0.000" errors="0" timestamp="2020-02-04T15:11:21 IST" skipped="1">
  <testcase classname="com.ihubmeaven.pageObjects.dataprovider" name="f" time="0.000">
    <skipped/>
  </testcase> <!-- f -->
</testsuite> <!-- com.ihubmeaven.pageObjects.dataprovider -->
