<?xml version="1.0" encoding="UTF-8"?>
<!-- Generated by org.testng.reporters.JUnitReportReporter -->
<testsuite hostname="sysadmin-H81M-S" failures="0" tests="1" name="com.ihubdirect.Homepage_footer" time="42.784" errors="0" timestamp="2020-01-20T16:25:36 IST" skipped="0">
  <testcase classname="com.ihubdirect.Homepage_footer" name="Homepage_footer" time="42.784"/>
</testsuite> <!-- com.ihubdirect.Homepage_footer -->
