<?xml version="1.0" encoding="UTF-8"?>
<!-- Generated by org.testng.reporters.JUnitReportReporter -->
<testsuite hostname="sysadmin-H81M-S" failures="0" tests="1" name="com.ihubdirect.addtocart_payment" time="48.103" errors="0" timestamp="2020-01-24T10:46:50 IST" skipped="0">
  <testcase classname="com.ihubdirect.addtocart_payment" name="f" time="48.103"/>
</testsuite> <!-- com.ihubdirect.addtocart_payment -->
