<?xml version="1.0" encoding="UTF-8"?>
<!-- Generated by org.testng.reporters.JUnitReportReporter -->
<testsuite hostname="sysadmin-H81M-S" failures="0" tests="1" name="com.ihubmeaven.pageObjects.emailreport" time="177.002" errors="0" timestamp="2020-01-20T11:41:49 IST" skipped="0">
  <testcase classname="com.ihubmeaven.pageObjects.emailreport" name="afterSuite" time="177.002"/>
</testsuite> <!-- com.ihubmeaven.pageObjects.emailreport -->
