<?xml version="1.0" encoding="UTF-8"?>
<!-- Generated by org.testng.reporters.JUnitReportReporter -->
<testsuite hostname="sysadmin-H81M-S" failures="0" tests="1" name="com.ihubdirect.privacypolicy" time="15.026" errors="0" timestamp="2020-01-20T12:18:41 IST" skipped="0">
  <testcase classname="com.ihubdirect.privacypolicy" name="f" time="15.026"/>
</testsuite> <!-- com.ihubdirect.privacypolicy -->
