<?xml version="1.0" encoding="UTF-8"?>
<!-- Generated by org.testng.reporters.JUnitReportReporter -->
<testsuite hostname="sysadmin-H81M-S" failures="0" tests="1" name="com.ihubdirect.aboutus" time="26.431" errors="0" timestamp="2020-01-20T15:32:59 IST" skipped="0">
  <testcase classname="com.ihubdirect.aboutus" name="aboutus" time="26.431"/>
</testsuite> <!-- com.ihubdirect.aboutus -->
